<?xml version="1.0" encoding="UTF-8"?>
<testsuite xmlns:xsi="http://www.w3.org/2001/XMLSchema-instance" xsi:noNamespaceSchemaLocation="https://maven.apache.org/surefire/maven-surefire-plugin/xsd/surefire-test-report.xsd" name="cn.kgc.AppTest" time="0.047" tests="1" errors="0" skipped="0" failures="0">
  <properties>
    <property name="sun.desktop" value="windows"/>
    <property name="awt.toolkit" value="sun.awt.windows.WToolkit"/>
    <property name="file.encoding.pkg" value="sun.io"/>
    <property name="java.specification.version" value="1.8"/>
    <property name="sun.cpu.isalist" value="amd64"/>
    <property name="sun.jnu.encoding" value="GBK"/>
    <property name="java.class.path" value="D:\kgc\IDEA\workspace\mvn-app\target\test-classes;D:\kgc\IDEA\workspace\mvn-app\target\classes;D:\kgc\m2\repository\junit\junit\4.11\junit-4.11.jar;D:\kgc\m2\repository\org\hamcrest\hamcrest-core\1.3\hamcrest-core-1.3.jar;"/>
    <property name="java.vm.vendor" value="Oracle Corporation"/>
    <property name="sun.arch.data.model" value="64"/>
    <property name="user.variant" value=""/>
    <property name="java.vendor.url" value="http://java.oracle.com/"/>
    <property name="user.timezone" value="Asia/Shanghai"/>
    <property name="java.vm.specification.version" value="1.8"/>
    <property name="os.name" value="Windows 10"/>
    <property name="user.country" value="CN"/>
    <property name="sun.java.launcher" value="SUN_STANDARD"/>
    <property name="sun.boot.library.path" value="D:\kgc\java\jdk1.8.0_221\jre\bin"/>
    <property name="sun.java.command" value="C:\Users\ADMINI~1\AppData\Local\Temp\surefire6183409775756192052\surefirebooter7844722839987959864.jar C:\Users\Administrator\AppData\Local\Temp\surefire6183409775756192052 2020-01-08T19-18-58_166-jvmRun1 surefire4647646435291842721tmp surefire_07574910632588730791tmp"/>
    <property name="surefire.test.class.path" value="D:\kgc\IDEA\workspace\mvn-app\target\test-classes;D:\kgc\IDEA\workspace\mvn-app\target\classes;D:\kgc\m2\repository\junit\junit\4.11\junit-4.11.jar;D:\kgc\m2\repository\org\hamcrest\hamcrest-core\1.3\hamcrest-core-1.3.jar;"/>
    <property name="sun.cpu.endian" value="little"/>
    <property name="user.home" value="C:\Users\Administrator"/>
    <property name="user.language" value="zh"/>
    <property name="java.specification.vendor" value="Oracle Corporation"/>
    <property name="java.home" value="D:\kgc\java\jdk1.8.0_221\jre"/>
    <property name="basedir" value="D:\kgc\IDEA\workspace\mvn-app"/>
    <property name="file.separator" value="\"/>
    <property name="line.separator" value="&#10;"/>
    <property name="java.vm.specification.vendor" value="Oracle Corporation"/>
    <property name="java.specification.name" value="Java Platform API Specification"/>
    <property name="java.awt.graphicsenv" value="sun.awt.Win32GraphicsEnvironment"/>
    <property name="surefire.real.class.path" value="C:\Users\ADMINI~1\AppData\Local\Temp\surefire6183409775756192052\surefirebooter7844722839987959864.jar"/>
    <property name="sun.boot.class.path" value="D:\kgc\java\jdk1.8.0_221\jre\lib\resources.jar;D:\kgc\java\jdk1.8.0_221\jre\lib\rt.jar;D:\kgc\java\jdk1.8.0_221\jre\lib\sunrsasign.jar;D:\kgc\java\jdk1.8.0_221\jre\lib\jsse.jar;D:\kgc\java\jdk1.8.0_221\jre\lib\jce.jar;D:\kgc\java\jdk1.8.0_221\jre\lib\charsets.jar;D:\kgc\java\jdk1.8.0_221\jre\lib\jfr.jar;D:\kgc\java\jdk1.8.0_221\jre\classes"/>
    <property name="user.script" value=""/>
    <property name="sun.management.compiler" value="HotSpot 64-Bit Tiered Compilers"/>
    <property name="java.runtime.version" value="1.8.0_221-b11"/>
    <property name="user.name" value="Administrator"/>
    <property name="path.separator" value=";"/>
    <property name="os.version" value="10.0"/>
    <property name="java.endorsed.dirs" value="D:\kgc\java\jdk1.8.0_221\jre\lib\endorsed"/>
    <property name="java.runtime.name" value="Java(TM) SE Runtime Environment"/>
    <property name="file.encoding" value="GBK"/>
    <property name="java.vm.name" value="Java HotSpot(TM) 64-Bit Server VM"/>
    <property name="localRepository" value="D:\kgc\m2\repository"/>
    <property name="java.vendor.url.bug" value="http://bugreport.sun.com/bugreport/"/>
    <property name="java.io.tmpdir" value="C:\Users\ADMINI~1\AppData\Local\Temp\"/>
    <property name="idea.version" value="2018.3.6"/>
    <property name="java.version" value="1.8.0_221"/>
    <property name="user.dir" value="D:\kgc\IDEA\workspace\mvn-app"/>
    <property name="os.arch" value="amd64"/>
    <property name="java.vm.specification.name" value="Java Virtual Machine Specification"/>
    <property name="java.awt.printerjob" value="sun.awt.windows.WPrinterJob"/>
    <property name="sun.os.patch.level" value=""/>
    <property name="java.library.path" value="D:\kgc\java\jdk1.8.0_221\jre\bin;C:\windows\Sun\Java\bin;C:\windows\system32;C:\windows;D:\kgc\Xftp 6\;D:\kgc\Xshell 6\;C:\windows\system32;C:\windows;C:\windows\System32\Wbem;C:\windows\System32\WindowsPowerShell\v1.0\;D:\kgc\java\jdk1.8.0_221\bin;D:\kgc\java\jdk1.8.0_221\jre\bin;D:\kgc\apache-maven-3.6.1\bin;D:\kgc\mysql-5.7.27-winx64\bin;D:\kgc\Git\cmd;D:\kgc\Redis\;C:\Users\Administrator\AppData\Local\Microsoft\WindowsApps;;D:\kgc\Microsoft VS Code Insiders\bin;."/>
    <property name="java.vm.info" value="mixed mode"/>
    <property name="java.vendor" value="Oracle Corporation"/>
    <property name="java.vm.version" value="25.221-b11"/>
    <property name="java.ext.dirs" value="D:\kgc\java\jdk1.8.0_221\jre\lib\ext;C:\windows\Sun\Java\lib\ext"/>
    <property name="sun.io.unicode.encoding" value="UnicodeLittle"/>
    <property name="maven.repo.local" value="D:\kgc\m2\repository"/>
    <property name="java.class.version" value="52.0"/>
  </properties>
  <testcase name="testApp" classname="cn.kgc.AppTest" time="0.005"/>
</testsuite>